0 verbose cli C:\Program Files\nodejs\node.exe C:\Program Files\nodejs\node_modules\npm\bin\npm-cli.js
1 info using npm@9.8.0
2 info using node@v20.5.1
3 timing npm:load:whichnode Completed in 6ms
4 timing config:load:defaults Completed in 4ms
5 timing config:load:file:C:\Program Files\nodejs\node_modules\npm\npmrc Completed in 9ms
6 timing config:load:builtin Completed in 10ms
7 timing config:load:cli Completed in 3ms
8 timing config:load:env Completed in 1ms
9 timing config:load:file:C:\Users\pauma\Desktop\All_python_projects\web_python_and_reflex\.web\.npmrc Completed in 0ms
10 timing config:load:project Completed in 2ms
11 timing config:load:file:C:\Users\pauma\.npmrc Completed in 0ms
12 timing config:load:user Completed in 1ms
13 timing config:load:file:C:\Users\pauma\AppData\Roaming\npm\etc\npmrc Completed in 4ms
14 timing config:load:global Completed in 5ms
15 timing config:load:setEnvs Completed in 2ms
16 timing config:load Completed in 29ms
17 timing npm:load:configload Completed in 29ms
18 timing config:load:flatten Completed in 4ms
19 timing npm:load:mkdirpcache Completed in 1ms
20 timing npm:load:mkdirplogs Completed in 0ms
21 verbose title npm run next telemetry disable
22 verbose argv "run" "next" "telemetry" "disable"
23 timing npm:load:setTitle Completed in 1ms
24 timing npm:load:display Completed in 1ms
25 verbose logfile logs-max:10 dir:C:\Users\pauma\Desktop\All_python_projects\web_python_and_reflex\.npm\_logs\2024-04-20T00_42_30_440Z-
26 verbose logfile C:\Users\pauma\Desktop\All_python_projects\web_python_and_reflex\.npm\_logs\2024-04-20T00_42_30_440Z-debug-0.log
27 timing npm:load:logFile Completed in 21ms
28 timing npm:load:timers Completed in 0ms
29 timing npm:load:configScope Completed in 0ms
30 timing npm:load Completed in 113ms
31 timing command:run Completed in 508ms
32 verbose stack Error: Missing script: "next"
32 verbose stack
32 verbose stack To see a list of scripts, run:
32 verbose stack   npm run
32 verbose stack     at RunScript.run (C:\Program Files\nodejs\node_modules\npm\lib\commands\run-script.js:94:13)
32 verbose stack     at async module.exports (C:\Program Files\nodejs\node_modules\npm\lib\cli-entry.js:61:5)
33 verbose cwd C:\Users\pauma\Desktop\All_python_projects\web_python_and_reflex\.web
34 verbose Windows_NT 10.0.22631
35 verbose node v20.5.1
36 verbose npm  v9.8.0
37 error Missing script: "next"
37 error
37 error To see a list of scripts, run:
37 error   npm run
38 verbose exit 1
39 timing npm Completed in 793ms
40 verbose code 1
41 error A complete log of this run can be found in: C:\Users\pauma\Desktop\All_python_projects\web_python_and_reflex\.npm\_logs\2024-04-20T00_42_30_440Z-debug-0.log
